        -:    0:Source:dominion.c
        -:    0:Graph:dominion.gcno
        -:    0:Data:dominion.gcda
        -:    0:Runs:3
        -:    0:Programs:3
        -:    1:#include "dominion.h"
        -:    2:#include "dominion_helpers.h"
        -:    3:#include "rngs.h"
        -:    4:#include <stdio.h>
        -:    5:#include <math.h>
        -:    6:#include <stdlib.h>
        -:    7:
    93704:    8:int compare(const void* a, const void* b) {
    93704:    9:  if (*(int*)a > *(int*)b)
     6257:   10:    return 1;
    87447:   11:  if (*(int*)a < *(int*)b)
    23924:   12:    return -1;
    63523:   13:  return 0;
        -:   14:}
        -:   15:
    #####:   16:struct gameState* newGame() {
    #####:   17:  struct gameState* g = malloc(sizeof(struct gameState));
    #####:   18:  return g;
        -:   19:}
        -:   20:
    #####:   21:int* kingdomCards(int k1, int k2, int k3, int k4, int k5, int k6, int k7,
        -:   22:		  int k8, int k9, int k10) {
    #####:   23:  int* k = malloc(10 * sizeof(int));
    #####:   24:  k[0] = k1;
    #####:   25:  k[1] = k2;
    #####:   26:  k[2] = k3;
    #####:   27:  k[3] = k4;
    #####:   28:  k[4] = k5;
    #####:   29:  k[5] = k6;
    #####:   30:  k[6] = k7;
    #####:   31:  k[7] = k8;
    #####:   32:  k[8] = k9;
    #####:   33:  k[9] = k10;
    #####:   34:  return k;
        -:   35:}
        -:   36:
     3000:   37:int initializeGame(int numPlayers, int kingdomCards[10], int randomSeed,
        -:   38:		   struct gameState *state) {
        -:   39:
        -:   40:  int i;
        -:   41:  int j;
        -:   42:  int it;			
        -:   43:  //set up random number generator
     3000:   44:  SelectStream(1);
     3000:   45:  PutSeed((long)randomSeed);
        -:   46:  
        -:   47:  //check number of players
     3000:   48:  if (numPlayers > MAX_PLAYERS || numPlayers < 2)
        -:   49:    {
     1196:   50:      return -1;
        -:   51:    }
        -:   52:
        -:   53:  //set number of players
     1804:   54:  state->numPlayers = numPlayers;
        -:   55:
        -:   56:  //check selected kingdom cards are different
    19844:   57:  for (i = 0; i < 10; i++)
        -:   58:    {
   198440:   59:      for (j = 0; j < 10; j++)
        -:   60:        {
   180400:   61:	  if (j != i && kingdomCards[j] == kingdomCards[i])
        -:   62:	    {
    #####:   63:	      return -1;
        -:   64:	    }
        -:   65:        }
        -:   66:    }
        -:   67:
        -:   68:
        -:   69:  //initialize supply
        -:   70:  ///////////////////////////////
        -:   71:
        -:   72:  //set number of Curse cards
     1804:   73:  if (numPlayers == 2)
        -:   74:    {
      604:   75:      state->supplyCount[curse] = 10;
        -:   76:    }
     1200:   77:  else if (numPlayers == 3)
        -:   78:    {
      604:   79:      state->supplyCount[curse] = 20;
        -:   80:    }
        -:   81:  else
        -:   82:    {
      596:   83:      state->supplyCount[curse] = 30;
        -:   84:    }
        -:   85:
        -:   86:  //set number of Victory cards
     1804:   87:  if (numPlayers == 2)
        -:   88:    {
      604:   89:      state->supplyCount[estate] = 8;
      604:   90:      state->supplyCount[duchy] = 8;
      604:   91:      state->supplyCount[province] = 8;
        -:   92:    }
        -:   93:  else
        -:   94:    {
     1200:   95:      state->supplyCount[estate] = 12;
     1200:   96:      state->supplyCount[duchy] = 12;
     1200:   97:      state->supplyCount[province] = 12;
        -:   98:    }
        -:   99:
        -:  100:  //set number of Treasure cards
     1804:  101:  state->supplyCount[copper] = 60 - (7 * numPlayers);
     1804:  102:  state->supplyCount[silver] = 40;
     1804:  103:  state->supplyCount[gold] = 30;
        -:  104:
        -:  105:  //set number of Kingdom cards
    37884:  106:  for (i = adventurer; i <= treasure_map; i++)       	//loop all cards
        -:  107:    {
   297660:  108:      for (j = 0; j < 10; j++)           		//loop chosen cards
        -:  109:	{
   279620:  110:	  if (kingdomCards[j] == i)
        -:  111:	    {
        -:  112:	      //check if card is a 'Victory' Kingdom card
    18040:  113:	      if (kingdomCards[j] == great_hall || kingdomCards[j] == gardens)
        -:  114:		{
     3488:  115:		  if (numPlayers == 2){ 
      575:  116:		    state->supplyCount[i] = 8; 
        -:  117:		  }
     1169:  118:		  else{ state->supplyCount[i] = 12; }
        -:  119:		}
        -:  120:	      else
        -:  121:		{
    16296:  122:		  state->supplyCount[i] = 10;
        -:  123:		}
    18040:  124:	      break;
        -:  125:	    }
        -:  126:	  else    //card is not in the set choosen for the game
        -:  127:	    {
   261580:  128:	      state->supplyCount[i] = -1;
        -:  129:	    }
        -:  130:	}
        -:  131:
        -:  132:    }
        -:  133:
        -:  134:  ////////////////////////
        -:  135:  //supply intilization complete
        -:  136:
        -:  137:  //set player decks
     7208:  138:  for (i = 0; i < numPlayers; i++)
        -:  139:    {
     5404:  140:      state->deckCount[i] = 0;
    21616:  141:      for (j = 0; j < 3; j++)
        -:  142:	{
    16212:  143:	  state->deck[i][j] = estate;
    16212:  144:	  state->deckCount[i]++;
        -:  145:	}
    43232:  146:      for (j = 3; j < 10; j++)
        -:  147:	{
    37828:  148:	  state->deck[i][j] = copper;
    37828:  149:	  state->deckCount[i]++;		
        -:  150:	}
        -:  151:    }
        -:  152:
        -:  153:  //shuffle player decks
     7208:  154:  for (i = 0; i < numPlayers; i++)
        -:  155:    {
     5404:  156:      if ( shuffle(i, state) < 0 )
        -:  157:	{
    #####:  158:	  return -1;
        -:  159:	}
        -:  160:    }
        -:  161:
        -:  162:  //draw player hands
     7208:  163:  for (i = 0; i < numPlayers; i++)
        -:  164:    {  
        -:  165:      //initialize hand size to zero
     5404:  166:      state->handCount[i] = 0;
     5404:  167:      state->discardCount[i] = 0;
        -:  168:      //draw 5 cards
        -:  169:      // for (j = 0; j < 5; j++)
        -:  170:      //	{
        -:  171:      //	  drawCard(i, state);
        -:  172:      //	}
        -:  173:    }
        -:  174:  
        -:  175:  //set embargo tokens to 0 for all supply piles
    50512:  176:  for (i = 0; i <= treasure_map; i++)
        -:  177:    {
    48708:  178:      state->embargoTokens[i] = 0;
        -:  179:    }
        -:  180:
        -:  181:  //initialize first player's turn
     1804:  182:  state->outpostPlayed = 0;
     1804:  183:  state->phase = 0;
     1804:  184:  state->numActions = 1;
     1804:  185:  state->numBuys = 1;
     1804:  186:  state->playedCardCount = 0;
     1804:  187:  state->whoseTurn = 0;
     1804:  188:  state->handCount[state->whoseTurn] = 0;
        -:  189:  //int it; move to top
        -:  190:
        -:  191:  //Moved draw cards to here, only drawing at the start of a turn
    10824:  192:  for (it = 0; it < 5; it++){
     9020:  193:    drawCard(state->whoseTurn, state);
        -:  194:  }
        -:  195:
     1804:  196:  updateCoins(state->whoseTurn, state, 0);
        -:  197:
     1804:  198:  return 0;
        -:  199:}
        -:  200:
     5415:  201:int shuffle(int player, struct gameState *state) {
        -:  202: 
        -:  203:
        -:  204:  int newDeck[MAX_DECK];
     5415:  205:  int newDeckPos = 0;
        -:  206:  int card;
        -:  207:  int i;
        -:  208:
     5415:  209:  if (state->deckCount[player] < 1)
        4:  210:    return -1;
     5411:  211:  qsort ((void*)(state->deck[player]), state->deckCount[player], sizeof(int), compare); 
        -:  212:  /* SORT CARDS IN DECK TO ENSURE DETERMINISM! */
        -:  213:
    66711:  214:  while (state->deckCount[player] > 0) {
    55889:  215:    card = floor(Random() * state->deckCount[player]);
    55889:  216:    newDeck[newDeckPos] = state->deck[player][card];
    55889:  217:    newDeckPos++;
   327102:  218:    for (i = card; i < state->deckCount[player]-1; i++) {
   271213:  219:      state->deck[player][i] = state->deck[player][i+1];
        -:  220:    }
    55889:  221:    state->deckCount[player]--;
        -:  222:  }
    61300:  223:  for (i = 0; i < newDeckPos; i++) {
    55889:  224:    state->deck[player][i] = newDeck[i];
    55889:  225:    state->deckCount[player]++;
        -:  226:  }
        -:  227:
     5411:  228:  return 0;
        -:  229:}
        -:  230:
    #####:  231:int playCard(int handPos, int choice1, int choice2, int choice3, struct gameState *state) 
        -:  232:{	
        -:  233:  int card;
    #####:  234:  int coin_bonus = 0; 		//tracks coins gain from actions
        -:  235:
        -:  236:  //check if it is the right phase
    #####:  237:  if (state->phase != 0)
        -:  238:    {
    #####:  239:      return -1;
        -:  240:    }
        -:  241:	
        -:  242:  //check if player has enough actions
    #####:  243:  if ( state->numActions < 1 )
        -:  244:    {
    #####:  245:      return -1;
        -:  246:    }
        -:  247:	
        -:  248:  //get card played
    #####:  249:  card = handCard(handPos, state);
        -:  250:	
        -:  251:  //check if selected card is an action
    #####:  252:  if ( card < adventurer || card > treasure_map )
        -:  253:    {
    #####:  254:      return -1;
        -:  255:    }
        -:  256:	
        -:  257:  //play card
    #####:  258:  if ( cardEffect(card, choice1, choice2, choice3, state, handPos, &coin_bonus) < 0 )
        -:  259:    {
    #####:  260:      return -1;
        -:  261:    }
        -:  262:	
        -:  263:  //reduce number of actions
    #####:  264:  state->numActions--;
        -:  265:
        -:  266:  //update coins (Treasure cards may be added with card draws)
    #####:  267:  updateCoins(state->whoseTurn, state, coin_bonus);
        -:  268:	
    #####:  269:  return 0;
        -:  270:}
        -:  271:
    #####:  272:int buyCard(int supplyPos, struct gameState *state) {
        -:  273:  int who;
        -:  274:  if (DEBUG){
        -:  275:    printf("Entering buyCard...\n");
        -:  276:  }
        -:  277:
        -:  278:  // I don't know what to do about the phase thing.
        -:  279:
    #####:  280:  who = state->whoseTurn;
        -:  281:
    #####:  282:  if (state->numBuys < 1){
        -:  283:    if (DEBUG)
        -:  284:      printf("You do not have any buys left\n");
    #####:  285:    return -1;
    #####:  286:  } else if (supplyCount(supplyPos, state) <1){
        -:  287:    if (DEBUG)
        -:  288:      printf("There are not any of that type of card left\n");
    #####:  289:    return -1;
    #####:  290:  } else if (state->coins < getCost(supplyPos)){
        -:  291:    if (DEBUG) 
        -:  292:      printf("You do not have enough money to buy that. You have %d coins.\n", state->coins);
    #####:  293:    return -1;
        -:  294:  } else {
    #####:  295:    state->phase=1;
        -:  296:    //state->supplyCount[supplyPos]--;
    #####:  297:    gainCard(supplyPos, state, 0, who); //card goes in discard, this might be wrong.. (2 means goes into hand, 0 goes into discard)
        -:  298:  
    #####:  299:    state->coins = (state->coins) - (getCost(supplyPos));
    #####:  300:    state->numBuys--;
        -:  301:    if (DEBUG)
        -:  302:      printf("You bought card number %d for %d coins. You now have %d buys and %d coins.\n", supplyPos, getCost(supplyPos), state->numBuys, state->coins);
        -:  303:  }
        -:  304:
        -:  305:  //state->discard[who][state->discardCount[who]] = supplyPos;
        -:  306:  //state->discardCount[who]++;
        -:  307:    
    #####:  308:  return 0;
        -:  309:}
        -:  310:
    #####:  311:int numHandCards(struct gameState *state) {
    #####:  312:  return state->handCount[ whoseTurn(state) ];
        -:  313:}
        -:  314:
    #####:  315:int handCard(int handPos, struct gameState *state) {
    #####:  316:  int currentPlayer = whoseTurn(state);
    #####:  317:  return state->hand[currentPlayer][handPos];
        -:  318:}
        -:  319:
    #####:  320:int supplyCount(int card, struct gameState *state) {
    #####:  321:  return state->supplyCount[card];
        -:  322:}
        -:  323:
    #####:  324:int fullDeckCount(int player, int card, struct gameState *state) {
        -:  325:  int i;
    #####:  326:  int count = 0;
        -:  327:
    #####:  328:  for (i = 0; i < state->deckCount[player]; i++)
        -:  329:    {
    #####:  330:      if (state->deck[player][i] == card) count++;
        -:  331:    }
        -:  332:
    #####:  333:  for (i = 0; i < state->handCount[player]; i++)
        -:  334:    {
    #####:  335:      if (state->hand[player][i] == card) count++;
        -:  336:    }
        -:  337:
    #####:  338:  for (i = 0; i < state->discardCount[player]; i++)
        -:  339:    {
    #####:  340:      if (state->discard[player][i] == card) count++;
        -:  341:    }
        -:  342:
    #####:  343:  return count;
        -:  344:}
        -:  345:
     5000:  346:int whoseTurn(struct gameState *state) {
     5000:  347:  return state->whoseTurn;
        -:  348:}
        -:  349:
    #####:  350:int endTurn(struct gameState *state) {
        -:  351:  int k;
        -:  352:  int i;
    #####:  353:  int currentPlayer = whoseTurn(state);
        -:  354:  
        -:  355:  //Discard hand
    #####:  356:  for (i = 0; i < state->handCount[currentPlayer]; i++){
    #####:  357:    state->discard[currentPlayer][state->discardCount[currentPlayer]++] = state->hand[currentPlayer][i];//Discard
    #####:  358:    state->hand[currentPlayer][i] = -1;//Set card to -1
        -:  359:  }
    #####:  360:  state->handCount[currentPlayer] = 0;//Reset hand count
        -:  361:    
        -:  362:  //Code for determining the player
    #####:  363:  if (currentPlayer < (state->numPlayers - 1)){ 
    #####:  364:    state->whoseTurn = currentPlayer + 1;//Still safe to increment
        -:  365:  }
        -:  366:  else{
    #####:  367:    state->whoseTurn = 0;//Max player has been reached, loop back around to player 1
        -:  368:  }
        -:  369:
    #####:  370:  state->outpostPlayed = 0;
    #####:  371:  state->phase = 0;
    #####:  372:  state->numActions = 1;
    #####:  373:  state->coins = 0;
    #####:  374:  state->numBuys = 1;
    #####:  375:  state->playedCardCount = 0;
    #####:  376:  state->handCount[state->whoseTurn] = 0;
        -:  377:
        -:  378:  //int k; move to top
        -:  379:  //Next player draws hand
    #####:  380:  for (k = 0; k < 5; k++){
    #####:  381:    drawCard(state->whoseTurn, state);//Draw a card
        -:  382:  }
        -:  383:
        -:  384:  //Update money
    #####:  385:  updateCoins(state->whoseTurn, state , 0);
        -:  386:
    #####:  387:  return 0;
        -:  388:}
        -:  389:
    #####:  390:int isGameOver(struct gameState *state) {
        -:  391:  int i;
        -:  392:  int j;
        -:  393:	
        -:  394:  //if stack of Province cards is empty, the game ends
    #####:  395:  if (state->supplyCount[province] == 0)
        -:  396:    {
    #####:  397:      return 1;
        -:  398:    }
        -:  399:
        -:  400:  //if three supply pile are at 0, the game ends
    #####:  401:  j = 0;
    #####:  402:  for (i = 0; i < 25; i++)
        -:  403:    {
    #####:  404:      if (state->supplyCount[i] == 0)
        -:  405:	{
    #####:  406:	  j++;
        -:  407:	}
        -:  408:    }
    #####:  409:  if ( j >= 3)
        -:  410:    {
    #####:  411:      return 1;
        -:  412:    }
        -:  413:
    #####:  414:  return 0;
        -:  415:}
        -:  416:
    #####:  417:int scoreFor (int player, struct gameState *state) {
        -:  418:
        -:  419:  int i;
    #####:  420:  int score = 0;
        -:  421:  //score from hand
    #####:  422:  for (i = 0; i < state->handCount[player]; i++)
        -:  423:    {
    #####:  424:      if (state->hand[player][i] == curse) { score = score - 1; };
    #####:  425:      if (state->hand[player][i] == estate) { score = score + 1; };
    #####:  426:      if (state->hand[player][i] == duchy) { score = score + 3; };
    #####:  427:      if (state->hand[player][i] == province) { score = score + 6; };
    #####:  428:      if (state->hand[player][i] == great_hall) { score = score + 1; };
    #####:  429:      if (state->hand[player][i] == gardens) { score = score + ( fullDeckCount(player, 0, state) / 10 ); };
        -:  430:    }
        -:  431:
        -:  432:  //score from discard
    #####:  433:  for (i = 0; i < state->discardCount[player]; i++)
        -:  434:    {
    #####:  435:      if (state->discard[player][i] == curse) { score = score - 1; };
    #####:  436:      if (state->discard[player][i] == estate) { score = score + 1; };
    #####:  437:      if (state->discard[player][i] == duchy) { score = score + 3; };
    #####:  438:      if (state->discard[player][i] == province) { score = score + 6; };
    #####:  439:      if (state->discard[player][i] == great_hall) { score = score + 1; };
    #####:  440:      if (state->discard[player][i] == gardens) { score = score + ( fullDeckCount(player, 0, state) / 10 ); };
        -:  441:    }
        -:  442:
        -:  443:  //score from deck
    #####:  444:  for (i = 0; i < state->discardCount[player]; i++)
        -:  445:    {
    #####:  446:      if (state->deck[player][i] == curse) { score = score - 1; };
    #####:  447:      if (state->deck[player][i] == estate) { score = score + 1; };
    #####:  448:      if (state->deck[player][i] == duchy) { score = score + 3; };
    #####:  449:      if (state->deck[player][i] == province) { score = score + 6; };
    #####:  450:      if (state->deck[player][i] == great_hall) { score = score + 1; };
    #####:  451:      if (state->deck[player][i] == gardens) { score = score + ( fullDeckCount(player, 0, state) / 10 ); };
        -:  452:    }
        -:  453:
    #####:  454:  return score;
        -:  455:}
        -:  456:
    #####:  457:int getWinners(int players[MAX_PLAYERS], struct gameState *state) {
        -:  458:  int i;	
        -:  459:  int j;
        -:  460:  int highScore;
        -:  461:  int currentPlayer;
        -:  462:
        -:  463:  //get score for each player
    #####:  464:  for (i = 0; i < MAX_PLAYERS; i++)
        -:  465:    {
        -:  466:      //set unused player scores to -9999
    #####:  467:      if (i >= state->numPlayers)
        -:  468:	{
    #####:  469:	  players[i] = -9999;
        -:  470:	}
        -:  471:      else
        -:  472:	{
    #####:  473:	  players[i] = scoreFor (i, state);
        -:  474:	}
        -:  475:    }
        -:  476:
        -:  477:  //find highest score
    #####:  478:  j = 0;
    #####:  479:  for (i = 0; i < MAX_PLAYERS; i++)
        -:  480:    {
    #####:  481:      if (players[i] > players[j])
        -:  482:	{
    #####:  483:	  j = i;
        -:  484:	}
        -:  485:    }
    #####:  486:  highScore = players[j];
        -:  487:
        -:  488:  //add 1 to players who had less turns
    #####:  489:  currentPlayer = whoseTurn(state);
    #####:  490:  for (i = 0; i < MAX_PLAYERS; i++)
        -:  491:    {
    #####:  492:      if ( players[i] == highScore && i > currentPlayer )
        -:  493:	{
    #####:  494:	  players[i]++;
        -:  495:	}
        -:  496:    }
        -:  497:
        -:  498:  //find new highest score
    #####:  499:  j = 0;
    #####:  500:  for (i = 0; i < MAX_PLAYERS; i++)
        -:  501:    {
    #####:  502:      if ( players[i] > players[j] )
        -:  503:	{
    #####:  504:	  j = i;
        -:  505:	}
        -:  506:    }
    #####:  507:  highScore = players[j];
        -:  508:
        -:  509:  //set winners in array to 1 and rest to 0
    #####:  510:  for (i = 0; i < MAX_PLAYERS; i++)
        -:  511:    {
    #####:  512:      if ( players[i] == highScore )
        -:  513:	{
    #####:  514:	  players[i] = 1;
        -:  515:	}
        -:  516:      else
        -:  517:	{
    #####:  518:	  players[i] = 0;
        -:  519:	}
        -:  520:    }
        -:  521:
    #####:  522:  return 0;
        -:  523:}
        -:  524:
    14020:  525:int drawCard(int player, struct gameState *state)
        -:  526:{	int count;
        -:  527:  int deckCounter;
    14020:  528:  if (state->deckCount[player] <= 0){//Deck is empty
        -:  529:    
        -:  530:    //Step 1 Shuffle the discard pile back into a deck
        -:  531:    int i;
        -:  532:    //Move discard to deck
     1856:  533:    for (i = 0; i < state->discardCount[player];i++){
     1849:  534:      state->deck[player][i] = state->discard[player][i];
     1849:  535:      state->discard[player][i] = -1;
        -:  536:    }
        -:  537:
        7:  538:    state->deckCount[player] = state->discardCount[player];
        7:  539:    state->discardCount[player] = 0;//Reset discard
        -:  540:
        -:  541:    //Shufffle the deck
        7:  542:    shuffle(player, state);//Shuffle the deck up and make it so that we can draw
        -:  543:   
        -:  544:    if (DEBUG){//Debug statements
        -:  545:      printf("Deck count now: %d\n", state->deckCount[player]);
        -:  546:    }
        -:  547:    
        7:  548:    state->discardCount[player] = 0;
        -:  549:
        -:  550:    //Step 2 Draw Card
        7:  551:    count = state->handCount[player];//Get current player's hand count
        -:  552:    
        -:  553:    if (DEBUG){//Debug statements
        -:  554:      printf("Current hand count: %d\n", count);
        -:  555:    }
        -:  556:    
        7:  557:    deckCounter = state->deckCount[player];//Create a holder for the deck count
        -:  558:
        7:  559:    if (deckCounter == 0)
    #####:  560:      return -1;
        -:  561:
        7:  562:    state->hand[player][count] = state->deck[player][deckCounter - 1];//Add card to hand
        7:  563:    state->deckCount[player]--;
        7:  564:    state->handCount[player]++;//Increment hand count
        -:  565:  }
        -:  566:
        -:  567:  else{
    14013:  568:    int count = state->handCount[player];//Get current hand count for player
        -:  569:    int deckCounter;
        -:  570:    if (DEBUG){//Debug statements
        -:  571:      printf("Current hand count: %d\n", count);
        -:  572:    }
        -:  573:
    14013:  574:    deckCounter = state->deckCount[player];//Create holder for the deck count
    14013:  575:    state->hand[player][count] = state->deck[player][deckCounter - 1];//Add card to the hand
    14013:  576:    state->deckCount[player]--;
    14013:  577:    state->handCount[player]++;//Increment hand count
        -:  578:  }
        -:  579:
    14020:  580:  return 0;
        -:  581:}
        -:  582:
    #####:  583:int getCost(int cardNumber)
        -:  584:{
    #####:  585:  switch( cardNumber ) 
        -:  586:    {
        -:  587:    case curse:
    #####:  588:      return 0;
        -:  589:    case estate:
    #####:  590:      return 2;
        -:  591:    case duchy:
    #####:  592:      return 5;
        -:  593:    case province:
    #####:  594:      return 8;
        -:  595:    case copper:
    #####:  596:      return 0;
        -:  597:    case silver:
    #####:  598:      return 3;
        -:  599:    case gold:
    #####:  600:      return 6;
        -:  601:    case adventurer:
    #####:  602:      return 6;
        -:  603:    case council_room:
    #####:  604:      return 5;
        -:  605:    case feast:
    #####:  606:      return 4;
        -:  607:    case gardens:
    #####:  608:      return 4;
        -:  609:    case mine:
    #####:  610:      return 5;
        -:  611:    case remodel:
    #####:  612:      return 4;
        -:  613:    case smithy:
    #####:  614:      return 4;
        -:  615:    case village:
    #####:  616:      return 3;
        -:  617:    case baron:
    #####:  618:      return 4;
        -:  619:    case great_hall:
    #####:  620:      return 3;
        -:  621:    case minion:
    #####:  622:      return 5;
        -:  623:    case steward:
    #####:  624:      return 3;
        -:  625:    case tribute:
    #####:  626:      return 5;
        -:  627:    case ambassador:
    #####:  628:      return 3;
        -:  629:    case cutpurse:
    #####:  630:      return 4;
        -:  631:    case embargo: 
    #####:  632:      return 2;
        -:  633:    case outpost:
    #####:  634:      return 5;
        -:  635:    case salvager:
    #####:  636:      return 4;
        -:  637:    case sea_hag:
    #####:  638:      return 4;
        -:  639:    case treasure_map:
    #####:  640:      return 4;
        -:  641:    }
        -:  642:	
    #####:  643:  return -1;
        -:  644:}
        -:  645:
        -:  646://START REFACTORED CODE
        -:  647:
        -:  648:
     1000:  649:void adventurerCard(struct gameState *state){
        -:  650:
        -:  651:	//variables from cardEffect function
     1000:  652:	int drawntreasure = 0;
     1000:  653:	int currentPlayer = whoseTurn(state);
        -:  654:	int cardDrawn;
        -:  655:	int temphand[MAX_HAND];
     1000:  656:	int z = 0;
        -:  657:
     4000:  658:	while(drawntreasure<2){
     2000:  659:		if(state->deckCount[currentPlayer] < 1){
        4:  660:			shuffle(currentPlayer, state);
        -:  661:		}
     2000:  662:		drawCard(currentPlayer, state);
     2000:  663:		cardDrawn = state->hand[currentPlayer][state->handCount[currentPlayer]-1];
     2000:  664:		if (cardDrawn = copper || cardDrawn == silver || cardDrawn == gold)
     2000:  665:			drawntreasure++;
        -:  666:		else{
        -:  667:			temphand[z]=cardDrawn;
        -:  668:			state->handCount[currentPlayer]--;
        -:  669:			z++;
        -:  670:		}
        -:  671:	}
     2000:  672:	while(z-1 >= 0){
    #####:  673:		state->discard[currentPlayer][state->discardCount[currentPlayer]++] = temphand[z-1];
    #####:  674:		z = z-1;
        -:  675:	}
     1000:  676:}
        -:  677:
     1000:  678:void smithyCard(struct gameState *state, int handPos){
        -:  679:	//variables from cardEffect
     1000:  680:	int currentPlayer = whoseTurn(state);
        -:  681:	int i;
        -:  682:
        -:  683:	//add 3 cards
     4000:  684:	for(i=0; i<3; i++){
     3000:  685:		drawCard(currentPlayer, state);
        -:  686:	//discard smithy card
     3000:  687:	discardCard(handPos, currentPlayer, state, 0);
        -:  688:	}
     1000:  689:}
        -:  690:
    #####:  691:void villageCard(struct gameState *state, int handPos){
        -:  692:	//declare variables
    #####:  693:	int currentPlayer = whoseTurn(state);
        -:  694:
        -:  695:	//add 1 card
    #####:  696:	drawCard(currentPlayer, state);
        -:  697:
        -:  698:	//add 2 actions
    #####:  699:	state->numActions = state->numActions;
        -:  700:
        -:  701:	//discard village card
    #####:  702:	discardCard(handPos, currentPlayer, state, 0);
    #####:  703:}
        -:  704:
    #####:  705:void salvagerCard(int choice1, struct gameState *state, int handPos){
        -:  706:	//declare variables
    #####:  707:	int currentPlayer = whoseTurn(state);
        -:  708:
        -:  709:	//add buy
    #####:  710:	state->numBuys++;
        -:  711:
        -:  712:	//gain coins equal to trashed card value
    #####:  713:	state->coins = getCost( handCard(choice1, state) );
        -:  714:
        -:  715:	//trash card
    #####:  716:	discardCard(choice1, currentPlayer, state, 1);
        -:  717:
        -:  718:	//discard salvager
    #####:  719:	discardCard(handPos, currentPlayer, state, 0);
    #####:  720:}
        -:  721:
    #####:  722:void sea_hagCard(struct gameState *state){
        -:  723:	//declare variables
    #####:  724:	int currentPlayer = whoseTurn(state);
        -:  725:	int i;
        -:  726:
    #####:  727:	for (i=0; i<state->numPlayers; i++){
    #####:  728:		if(i = currentPlayer){
    #####:  729:			state->discard[i][state->discardCount[i]] = state->deck[i][state->deckCount[i]--];
    #####:  730:			state->deckCount[i]--;
    #####:  731:			state->discardCount[i]++;
    #####:  732:			state->deck[i][state->deckCount[i]--] = curse;
        -:  733:		}
        -:  734:	}
    #####:  735:}
        -:  736:
        -:  737://END REFACTORED CODE
        -:  738:
     3000:  739:int cardEffect(int card, int choice1, int choice2, int choice3, struct gameState *state, int handPos, int *bonus)
        -:  740:{
        -:  741:  int i;
        -:  742:  int j;
        -:  743:  int k;
        -:  744:  int x;
        -:  745:  int index;
     3000:  746:  int currentPlayer = whoseTurn(state);
     3000:  747:  int nextPlayer = currentPlayer + 1;
        -:  748:
     3000:  749:  int tributeRevealedCards[2] = {-1, -1};
        -:  750:  int temphand[MAX_HAND];// moved above the if statement
     3000:  751:  int drawntreasure=0;
        -:  752:  int cardDrawn;
     3000:  753:  int z = 0;// this is the counter for the temp hand
     3000:  754:  if (nextPlayer > (state->numPlayers - 1)){
     1080:  755:    nextPlayer = 0;
        -:  756:  }
        -:  757:  
        -:  758:	
        -:  759:  //uses switch to select card and perform actions
     3000:  760:  switch( card ) 
        -:  761:    {
        -:  762:    case adventurer:
        -:  763:/*      while(drawntreasure<2){
        -:  764:	if (state->deckCount[currentPlayer] <1){//if the deck is empty we need to shuffle discard and add to deck
        -:  765:	  shuffle(currentPlayer, state);
        -:  766:	}
        -:  767:	drawCard(currentPlayer, state);
        -:  768:	cardDrawn = state->hand[currentPlayer][state->handCount[currentPlayer]-1];//top card of hand is most recently drawn card.
        -:  769:	if (cardDrawn == copper || cardDrawn == silver || cardDrawn == gold)
        -:  770:	  drawntreasure++;
        -:  771:	else{
        -:  772:	  temphand[z]=cardDrawn;
        -:  773:	  state->handCount[currentPlayer]--; //this should just remove the top card (the most recently drawn one).
        -:  774:	  z++;
        -:  775:	}
        -:  776:      }
        -:  777:      while(z-1>=0){
        -:  778:	state->discard[currentPlayer][state->discardCount[currentPlayer]++]=temphand[z-1]; // discard all cards in play that have been drawn
        -:  779:	z=z-1;
        -:  780:      }
        -:  781:*/     
     1000:  782:	    adventurerCard(state);
     1000:  783:	    return 0;
        -:  784:			
        -:  785:    case council_room:
        -:  786:      //+4 Cards
    #####:  787:      for (i = 0; i < 4; i++)
        -:  788:	{
    #####:  789:	  drawCard(currentPlayer, state);
        -:  790:	}
        -:  791:			
        -:  792:      //+1 Buy
    #####:  793:      state->numBuys++;
        -:  794:			
        -:  795:      //Each other player draws a card
    #####:  796:      for (i = 0; i < state->numPlayers; i++)
        -:  797:	{
    #####:  798:	  if ( i != currentPlayer )
        -:  799:	    {
    #####:  800:	      drawCard(i, state);
        -:  801:	    }
        -:  802:	}
        -:  803:			
        -:  804:      //put played card in played card pile
    #####:  805:      discardCard(handPos, currentPlayer, state, 0);
        -:  806:			
    #####:  807:      return 0;
        -:  808:			
        -:  809:    case feast:
        -:  810:      //gain card with cost up to 5
        -:  811:      //Backup hand
    #####:  812:      for (i = 0; i <= state->handCount[currentPlayer]; i++){
    #####:  813:	temphand[i] = state->hand[currentPlayer][i];//Backup card
    #####:  814:	state->hand[currentPlayer][i] = -1;//Set to nothing
        -:  815:      }
        -:  816:      //Backup hand
        -:  817:
        -:  818:      //Update Coins for Buy
    #####:  819:      updateCoins(currentPlayer, state, 5);
    #####:  820:      x = 1;//Condition to loop on
    #####:  821:      while( x == 1) {//Buy one card
    #####:  822:	if (supplyCount(choice1, state) <= 0){
        -:  823:	  if (DEBUG)
        -:  824:	    printf("None of that card left, sorry!\n");
        -:  825:
        -:  826:	  if (DEBUG){
        -:  827:	    printf("Cards Left: %d\n", supplyCount(choice1, state));
        -:  828:	  }
        -:  829:	}
    #####:  830:	else if (state->coins < getCost(choice1)){
    #####:  831:	  printf("That card is too expensive!\n");
        -:  832:
        -:  833:	  if (DEBUG){
        -:  834:	    printf("Coins: %d < %d\n", state->coins, getCost(choice1));
        -:  835:	  }
        -:  836:	}
        -:  837:	else{
        -:  838:
        -:  839:	  if (DEBUG){
        -:  840:	    printf("Deck Count: %d\n", state->handCount[currentPlayer] + state->deckCount[currentPlayer] + state->discardCount[currentPlayer]);
        -:  841:	  }
        -:  842:
    #####:  843:	  gainCard(choice1, state, 0, currentPlayer);//Gain the card
    #####:  844:	  x = 0;//No more buying cards
        -:  845:
        -:  846:	  if (DEBUG){
        -:  847:	    printf("Deck Count: %d\n", state->handCount[currentPlayer] + state->deckCount[currentPlayer] + state->discardCount[currentPlayer]);
        -:  848:	  }
        -:  849:
        -:  850:	}
        -:  851:      }     
        -:  852:
        -:  853:      //Reset Hand
    #####:  854:      for (i = 0; i <= state->handCount[currentPlayer]; i++){
    #####:  855:	state->hand[currentPlayer][i] = temphand[i];
    #####:  856:	temphand[i] = -1;
        -:  857:      }
        -:  858:      //Reset Hand
        -:  859:      			
    #####:  860:      return 0;
        -:  861:			
        -:  862:    case gardens:
    #####:  863:      return -1;
        -:  864:			
        -:  865:    case mine:
    #####:  866:      j = state->hand[currentPlayer][choice1];  //store card we will trash
        -:  867:
    #####:  868:      if (state->hand[currentPlayer][choice1] < copper || state->hand[currentPlayer][choice1] > gold)
        -:  869:	{
    #####:  870:	  return -1;
        -:  871:	}
        -:  872:		
    #####:  873:      if (choice2 > treasure_map || choice2 < curse)
        -:  874:	{
    #####:  875:	  return -1;
        -:  876:	}
        -:  877:
    #####:  878:      if ( (getCost(state->hand[currentPlayer][choice1]) + 3) > getCost(choice2) )
        -:  879:	{
    #####:  880:	  return -1;
        -:  881:	}
        -:  882:
    #####:  883:      gainCard(choice2, state, 2, currentPlayer);
        -:  884:
        -:  885:      //discard card from hand
    #####:  886:      discardCard(handPos, currentPlayer, state, 0);
        -:  887:
        -:  888:      //discard trashed card
    #####:  889:      for (i = 0; i < state->handCount[currentPlayer]; i++)
        -:  890:	{
    #####:  891:	  if (state->hand[currentPlayer][i] == j)
        -:  892:	    {
    #####:  893:	      discardCard(i, currentPlayer, state, 0);			
    #####:  894:	      break;
        -:  895:	    }
        -:  896:	}
        -:  897:			
    #####:  898:      return 0;
        -:  899:			
        -:  900:    case remodel:
    #####:  901:      j = state->hand[currentPlayer][choice1];  //store card we will trash
        -:  902:
    #####:  903:      if ( (getCost(state->hand[currentPlayer][choice1]) + 2) > getCost(choice2) )
        -:  904:	{
    #####:  905:	  return -1;
        -:  906:	}
        -:  907:
    #####:  908:      gainCard(choice2, state, 0, currentPlayer);
        -:  909:
        -:  910:      //discard card from hand
    #####:  911:      discardCard(handPos, currentPlayer, state, 0);
        -:  912:
        -:  913:      //discard trashed card
    #####:  914:      for (i = 0; i < state->handCount[currentPlayer]; i++)
        -:  915:	{
    #####:  916:	  if (state->hand[currentPlayer][i] == j)
        -:  917:	    {
    #####:  918:	      discardCard(i, currentPlayer, state, 0);			
    #####:  919:	      break;
        -:  920:	    }
        -:  921:	}
        -:  922:
        -:  923:
    #####:  924:      return 0;
        -:  925:		
        -:  926:    case smithy:
        -:  927:/*      //+3 Cards
        -:  928:      for (i = 0; i < 3; i++)
        -:  929:	{
        -:  930:	  drawCard(currentPlayer, state);
        -:  931:	}
        -:  932:			
        -:  933:      //discard card from hand
        -:  934:      discardCard(handPos, currentPlayer, state, 0);
        -:  935:*/
     1000:  936:      smithyCard(state, handPos);
     1000:  937:      return 0;
        -:  938:		
        -:  939:    case village:
        -:  940:/*      //+1 Card
        -:  941:      drawCard(currentPlayer, state);
        -:  942:			
        -:  943:      //+2 Actions
        -:  944:      state->numActions = state->numActions + 2;
        -:  945:			
        -:  946:      //discard played card from hand
        -:  947:      discardCard(handPos, currentPlayer, state, 0);
        -:  948:*/
    #####:  949:      villageCard(state, handPos);
        -:  950:
    #####:  951:      return 0;
        -:  952:		
        -:  953:    case baron:
    #####:  954:      state->numBuys++;//Increase buys by 1!
    #####:  955:      if (choice1 > 0){//Boolean true or going to discard an estate
    #####:  956:	int p = 0;//Iterator for hand!
    #####:  957:	int card_not_discarded = 1;//Flag for discard set!
    #####:  958:	while(card_not_discarded){
    #####:  959:	  if (state->hand[currentPlayer][p] == estate){//Found an estate card!
    #####:  960:	    state->coins += 4;//Add 4 coins to the amount of coins
    #####:  961:	    state->discard[currentPlayer][state->discardCount[currentPlayer]] = state->hand[currentPlayer][p];
    #####:  962:	    state->discardCount[currentPlayer]++;
    #####:  963:	    for (;p < state->handCount[currentPlayer]; p++){
    #####:  964:	      state->hand[currentPlayer][p] = state->hand[currentPlayer][p+1];
        -:  965:	    }
    #####:  966:	    state->hand[currentPlayer][state->handCount[currentPlayer]] = -1;
    #####:  967:	    state->handCount[currentPlayer]--;
    #####:  968:	    card_not_discarded = 0;//Exit the loop
        -:  969:	  }
    #####:  970:	  else if (p > state->handCount[currentPlayer]){
        -:  971:	    if(DEBUG) {
        -:  972:	      printf("No estate cards in your hand, invalid choice\n");
        -:  973:	      printf("Must gain an estate if there are any\n");
        -:  974:	    }
    #####:  975:	    if (supplyCount(estate, state) > 0){
    #####:  976:	      gainCard(estate, state, 0, currentPlayer);
    #####:  977:	      state->supplyCount[estate]--;//Decrement estates
    #####:  978:	      if (supplyCount(estate, state) == 0){
    #####:  979:		isGameOver(state);
        -:  980:	      }
        -:  981:	    }
    #####:  982:	    card_not_discarded = 0;//Exit the loop
        -:  983:	  }
        -:  984:			    
        -:  985:	  else{
    #####:  986:	    p++;//Next card
        -:  987:	  }
        -:  988:	}
        -:  989:      }
        -:  990:			    
        -:  991:      else{
    #####:  992:	if (supplyCount(estate, state) > 0){
    #####:  993:	  gainCard(estate, state, 0, currentPlayer);//Gain an estate
    #####:  994:	  state->supplyCount[estate]--;//Decrement Estates
    #####:  995:	  if (supplyCount(estate, state) == 0){
    #####:  996:	    isGameOver(state);
        -:  997:	  }
        -:  998:	}
        -:  999:      }
        -: 1000:	    
        -: 1001:      
    #####: 1002:      return 0;
        -: 1003:		
        -: 1004:    case great_hall:
        -: 1005:      //+1 Card
    #####: 1006:      drawCard(currentPlayer, state);
        -: 1007:			
        -: 1008:      //+1 Actions
    #####: 1009:      state->numActions++;
        -: 1010:			
        -: 1011:      //discard card from hand
    #####: 1012:      discardCard(handPos, currentPlayer, state, 0);
    #####: 1013:      return 0;
        -: 1014:		
        -: 1015:    case minion:
        -: 1016:      //+1 action
    #####: 1017:      state->numActions++;
        -: 1018:			
        -: 1019:      //discard card from hand
    #####: 1020:      discardCard(handPos, currentPlayer, state, 0);
        -: 1021:			
    #####: 1022:      if (choice1)		//+2 coins
        -: 1023:	{
    #####: 1024:	  state->coins = state->coins + 2;
        -: 1025:	}
        -: 1026:			
    #####: 1027:      else if (choice2)		//discard hand, redraw 4, other players with 5+ cards discard hand and draw 4
        -: 1028:	{
        -: 1029:	  //discard hand
    #####: 1030:	  while(numHandCards(state) > 0)
        -: 1031:	    {
    #####: 1032:	      discardCard(handPos, currentPlayer, state, 0);
        -: 1033:	    }
        -: 1034:				
        -: 1035:	  //draw 4
    #####: 1036:	  for (i = 0; i < 4; i++)
        -: 1037:	    {
    #####: 1038:	      drawCard(currentPlayer, state);
        -: 1039:	    }
        -: 1040:				
        -: 1041:	  //other players discard hand and redraw if hand size > 4
    #####: 1042:	  for (i = 0; i < state->numPlayers; i++)
        -: 1043:	    {
    #####: 1044:	      if (i != currentPlayer)
        -: 1045:		{
    #####: 1046:		  if ( state->handCount[i] > 4 )
        -: 1047:		    {
        -: 1048:		      //discard hand
    #####: 1049:		      while( state->handCount[i] > 0 )
        -: 1050:			{
    #####: 1051:			  discardCard(handPos, i, state, 0);
        -: 1052:			}
        -: 1053:							
        -: 1054:		      //draw 4
    #####: 1055:		      for (j = 0; j < 4; j++)
        -: 1056:			{
    #####: 1057:			  drawCard(i, state);
        -: 1058:			}
        -: 1059:		    }
        -: 1060:		}
        -: 1061:	    }
        -: 1062:				
        -: 1063:	}
    #####: 1064:      return 0;
        -: 1065:		
        -: 1066:    case steward:
    #####: 1067:      if (choice1 == 1)
        -: 1068:	{
        -: 1069:	  //+2 cards
    #####: 1070:	  drawCard(currentPlayer, state);
    #####: 1071:	  drawCard(currentPlayer, state);
        -: 1072:	}
    #####: 1073:      else if (choice1 == 2)
        -: 1074:	{
        -: 1075:	  //+2 coins
    #####: 1076:	  state->coins = state->coins + 2;
        -: 1077:	}
        -: 1078:      else
        -: 1079:	{
        -: 1080:	  //trash 2 cards in hand
    #####: 1081:	  discardCard(choice2, currentPlayer, state, 1);
    #####: 1082:	  discardCard(choice3, currentPlayer, state, 1);
        -: 1083:	}
        -: 1084:			
        -: 1085:      //discard card from hand
    #####: 1086:      discardCard(handPos, currentPlayer, state, 0);
    #####: 1087:      return 0;
        -: 1088:		
        -: 1089:    case tribute:
    #####: 1090:      if ((state->discardCount[nextPlayer] + state->deckCount[nextPlayer]) <= 1){
    #####: 1091:	if (state->deckCount[nextPlayer] > 0){
    #####: 1092:	  tributeRevealedCards[0] = state->deck[nextPlayer][state->deckCount[nextPlayer]-1];
    #####: 1093:	  state->deckCount[nextPlayer]--;
        -: 1094:	}
    #####: 1095:	else if (state->discardCount[nextPlayer] > 0){
    #####: 1096:	  tributeRevealedCards[0] = state->discard[nextPlayer][state->discardCount[nextPlayer]-1];
    #####: 1097:	  state->discardCount[nextPlayer]--;
        -: 1098:	}
        -: 1099:	else{
        -: 1100:	  //No Card to Reveal
        -: 1101:	  if (DEBUG){
        -: 1102:	    printf("No cards to reveal\n");
        -: 1103:	  }
        -: 1104:	}
        -: 1105:      }
        -: 1106:	    
        -: 1107:      else{
    #####: 1108:	if (state->deckCount[nextPlayer] == 0){
    #####: 1109:	  for (i = 0; i < state->discardCount[nextPlayer]; i++){
    #####: 1110:	    state->deck[nextPlayer][i] = state->discard[nextPlayer][i];//Move to deck
    #####: 1111:	    state->deckCount[nextPlayer]++;
    #####: 1112:	    state->discard[nextPlayer][i] = -1;
    #####: 1113:	    state->discardCount[nextPlayer]--;
        -: 1114:	  }
        -: 1115:			    
    #####: 1116:	  shuffle(nextPlayer,state);//Shuffle the deck
        -: 1117:	} 
    #####: 1118:	tributeRevealedCards[0] = state->deck[nextPlayer][state->deckCount[nextPlayer]-1];
    #####: 1119:	state->deck[nextPlayer][state->deckCount[nextPlayer]--] = -1;
    #####: 1120:	state->deckCount[nextPlayer]--;
    #####: 1121:	tributeRevealedCards[1] = state->deck[nextPlayer][state->deckCount[nextPlayer]-1];
    #####: 1122:	state->deck[nextPlayer][state->deckCount[nextPlayer]--] = -1;
    #####: 1123:	state->deckCount[nextPlayer]--;
        -: 1124:      }    
        -: 1125:		       
    #####: 1126:      if (tributeRevealedCards[0] == tributeRevealedCards[1]){//If we have a duplicate card, just drop one 
    #####: 1127:	state->playedCards[state->playedCardCount] = tributeRevealedCards[1];
    #####: 1128:	state->playedCardCount++;
    #####: 1129:	tributeRevealedCards[1] = -1;
        -: 1130:      }
        -: 1131:
    #####: 1132:      for (i = 0; i <= 2; i ++){
    #####: 1133:	if (tributeRevealedCards[i] == copper || tributeRevealedCards[i] == silver || tributeRevealedCards[i] == gold){//Treasure cards
    #####: 1134:	  state->coins += 2;
        -: 1135:	}
        -: 1136:		    
    #####: 1137:	else if (tributeRevealedCards[i] == estate || tributeRevealedCards[i] == duchy || tributeRevealedCards[i] == province || tributeRevealedCards[i] == gardens || tributeRevealedCards[i] == great_hall){//Victory Card Found
    #####: 1138:	  drawCard(currentPlayer, state);
    #####: 1139:	  drawCard(currentPlayer, state);
        -: 1140:	}
        -: 1141:	else{//Action Card
    #####: 1142:	  state->numActions = state->numActions + 2;
        -: 1143:	}
        -: 1144:      }
        -: 1145:	    
    #####: 1146:      return 0;
        -: 1147:		
        -: 1148:    case ambassador:
    #####: 1149:      j = 0;		//used to check if player has enough cards to discard
        -: 1150:
    #####: 1151:      if (choice2 > 2 || choice2 < 0)
        -: 1152:	{
    #####: 1153:	  return -1;				
        -: 1154:	}
        -: 1155:
    #####: 1156:      if (choice1 == handPos)
        -: 1157:	{
    #####: 1158:	  return -1;
        -: 1159:	}
        -: 1160:
    #####: 1161:      for (i = 0; i < state->handCount[currentPlayer]; i++)
        -: 1162:	{
    #####: 1163:	  if (i != handPos && i == state->hand[currentPlayer][choice1] && i != choice1)
        -: 1164:	    {
    #####: 1165:	      j++;
        -: 1166:	    }
        -: 1167:	}
    #####: 1168:      if (j < choice2)
        -: 1169:	{
    #####: 1170:	  return -1;				
        -: 1171:	}
        -: 1172:
        -: 1173:      if (DEBUG) 
        -: 1174:	printf("Player %d reveals card number: %d\n", currentPlayer, state->hand[currentPlayer][choice1]);
        -: 1175:
        -: 1176:      //increase supply count for choosen card by amount being discarded
    #####: 1177:      state->supplyCount[state->hand[currentPlayer][choice1]] += choice2;
        -: 1178:			
        -: 1179:      //each other player gains a copy of revealed card
    #####: 1180:      for (i = 0; i < state->numPlayers; i++)
        -: 1181:	{
    #####: 1182:	  if (i != currentPlayer)
        -: 1183:	    {
    #####: 1184:	      gainCard(state->hand[currentPlayer][choice1], state, 0, i);
        -: 1185:	    }
        -: 1186:	}
        -: 1187:
        -: 1188:      //discard played card from hand
    #####: 1189:      discardCard(handPos, currentPlayer, state, 0);			
        -: 1190:
        -: 1191:      //trash copies of cards returned to supply
    #####: 1192:      for (j = 0; j < choice2; j++)
        -: 1193:	{
    #####: 1194:	  for (i = 0; i < state->handCount[currentPlayer]; i++)
        -: 1195:	    {
    #####: 1196:	      if (state->hand[currentPlayer][i] == state->hand[currentPlayer][choice1])
        -: 1197:		{
    #####: 1198:		  discardCard(i, currentPlayer, state, 1);
    #####: 1199:		  break;
        -: 1200:		}
        -: 1201:	    }
        -: 1202:	}			
        -: 1203:
    #####: 1204:      return 0;
        -: 1205:		
        -: 1206:    case cutpurse:
        -: 1207:
    #####: 1208:      updateCoins(currentPlayer, state, 2);
    #####: 1209:      for (i = 0; i < state->numPlayers; i++)
        -: 1210:	{
    #####: 1211:	  if (i != currentPlayer)
        -: 1212:	    {
    #####: 1213:	      for (j = 0; j < state->handCount[i]; j++)
        -: 1214:		{
    #####: 1215:		  if (state->hand[i][j] == copper)
        -: 1216:		    {
    #####: 1217:		      discardCard(j, i, state, 0);
    #####: 1218:		      break;
        -: 1219:		    }
    #####: 1220:		  if (j == state->handCount[i])
        -: 1221:		    {
    #####: 1222:		      for (k = 0; k < state->handCount[i]; k++)
        -: 1223:			{
        -: 1224:			  if (DEBUG)
        -: 1225:			    printf("Player %d reveals card number %d\n", i, state->hand[i][k]);
        -: 1226:			}	
    #####: 1227:		      break;
        -: 1228:		    }		
        -: 1229:		}
        -: 1230:					
        -: 1231:	    }
        -: 1232:				
        -: 1233:	}				
        -: 1234:
        -: 1235:      //discard played card from hand
    #####: 1236:      discardCard(handPos, currentPlayer, state, 0);			
        -: 1237:
    #####: 1238:      return 0;
        -: 1239:
        -: 1240:		
        -: 1241:    case embargo: 
        -: 1242:      //+2 Coins
     1000: 1243:      state->coins = state->coins + 2;
        -: 1244:			
        -: 1245:      //see if selected pile is in play
     1000: 1246:      if ( state->supplyCount[choice1] == -1 )
        -: 1247:	{
      106: 1248:	  return -1;
        -: 1249:	}
        -: 1250:			
        -: 1251:      //add embargo token to selected supply pile
      894: 1252:      state->embargoTokens[choice1]++;
        -: 1253:			
        -: 1254:      //trash card
      894: 1255:      discardCard(handPos, currentPlayer, state, 1);		
      894: 1256:      return 0;
        -: 1257:		
        -: 1258:    case outpost:
        -: 1259:      //set outpost flag
    #####: 1260:      state->outpostPlayed++;
        -: 1261:			
        -: 1262:      //discard card
    #####: 1263:      discardCard(handPos, currentPlayer, state, 0);
    #####: 1264:      return 0;
        -: 1265:		
        -: 1266:    case salvager:
        -: 1267:/*      //+1 buy
        -: 1268:      state->numBuys++;
        -: 1269:			
        -: 1270:      if (choice1)
        -: 1271:	{
        -: 1272:	  //gain coins equal to trashed card
        -: 1273:	  state->coins = state->coins + getCost( handCard(choice1, state) );
        -: 1274:	  //trash card
        -: 1275:	  discardCard(choice1, currentPlayer, state, 1);	
        -: 1276:	}
        -: 1277:			
        -: 1278:      //discard card
        -: 1279:      discardCard(handPos, currentPlayer, state, 0);
        -: 1280:*/
    #####: 1281:      salvagerCard(choice1, state, handPos);
    #####: 1282:      return 0;
        -: 1283:		
        -: 1284:    case sea_hag:
        -: 1285:/*      for (i = 0; i < state->numPlayers; i++){
        -: 1286:	if (i != currentPlayer){
        -: 1287:	  state->discard[i][state->discardCount[i]] = state->deck[i][state->deckCount[i]--];			    state->deckCount[i]--;
        -: 1288:	  state->discardCount[i]++;
        -: 1289:	  state->deck[i][state->deckCount[i]--] = curse;//Top card now a curse
        -: 1290:	}
        -: 1291:      }
        -: 1292:*/
    #####: 1293:      sea_hagCard(state);
    #####: 1294:      return 0;
        -: 1295:		
        -: 1296:    case treasure_map:
        -: 1297:      //search hand for another treasure_map
    #####: 1298:      index = -1;
    #####: 1299:      for (i = 0; i < state->handCount[currentPlayer]; i++)
        -: 1300:	{
    #####: 1301:	  if (state->hand[currentPlayer][i] == treasure_map && i != handPos)
        -: 1302:	    {
    #####: 1303:	      index = i;
    #####: 1304:	      break;
        -: 1305:	    }
        -: 1306:	}
    #####: 1307:      if (index > -1)
        -: 1308:	{
        -: 1309:	  //trash both treasure cards
    #####: 1310:	  discardCard(handPos, currentPlayer, state, 1);
    #####: 1311:	  discardCard(index, currentPlayer, state, 1);
        -: 1312:
        -: 1313:	  //gain 4 Gold cards
    #####: 1314:	  for (i = 0; i < 4; i++)
        -: 1315:	    {
    #####: 1316:	      gainCard(gold, state, 1, currentPlayer);
        -: 1317:	    }
        -: 1318:				
        -: 1319:	  //return success
    #####: 1320:	  return 1;
        -: 1321:	}
        -: 1322:			
        -: 1323:      //no second treasure_map found in hand
    #####: 1324:      return -1;
        -: 1325:    }
        -: 1326:	
    #####: 1327:  return -1;
        -: 1328:}
        -: 1329:
     3894: 1330:int discardCard(int handPos, int currentPlayer, struct gameState *state, int trashFlag)
        -: 1331:{
        -: 1332:	
        -: 1333:  //if card is not trashed, added to Played pile 
     3894: 1334:  if (trashFlag < 1)
        -: 1335:    {
        -: 1336:      //add card to played pile
     3000: 1337:      state->playedCards[state->playedCardCount] = state->hand[currentPlayer][handPos]; 
     3000: 1338:      state->playedCardCount++;
        -: 1339:    }
        -: 1340:	
        -: 1341:  //set played card to -1
     3894: 1342:  state->hand[currentPlayer][handPos] = -1;
        -: 1343:	
        -: 1344:  //remove card from player's hand
     3894: 1345:  if ( handPos == (state->handCount[currentPlayer] - 1) ) 	//last card in hand array is played
        -: 1346:    {
        -: 1347:      //reduce number of cards in hand
        7: 1348:      state->handCount[currentPlayer]--;
        -: 1349:    }
     3887: 1350:  else if ( state->handCount[currentPlayer] == 1 ) //only one card in hand
        -: 1351:    {
        -: 1352:      //reduce number of cards in hand
    #####: 1353:      state->handCount[currentPlayer]--;
        -: 1354:    }
        -: 1355:  else 	
        -: 1356:    {
        -: 1357:      //replace discarded card with last card in hand
     3887: 1358:      state->hand[currentPlayer][handPos] = state->hand[currentPlayer][ (state->handCount[currentPlayer] - 1)];
        -: 1359:      //set last card to -1
     3887: 1360:      state->hand[currentPlayer][state->handCount[currentPlayer] - 1] = -1;
        -: 1361:      //reduce number of cards in hand
     3887: 1362:      state->handCount[currentPlayer]--;
        -: 1363:    }
        -: 1364:	
     3894: 1365:  return 0;
        -: 1366:}
        -: 1367:
    #####: 1368:int gainCard(int supplyPos, struct gameState *state, int toFlag, int player)
        -: 1369:{
        -: 1370:  //Note: supplyPos is enum of choosen card
        -: 1371:	
        -: 1372:  //check if supply pile is empty (0) or card is not used in game (-1)
    #####: 1373:  if ( supplyCount(supplyPos, state) < 1 )
        -: 1374:    {
    #####: 1375:      return -1;
        -: 1376:    }
        -: 1377:	
        -: 1378:  //added card for [whoseTurn] current player:
        -: 1379:  // toFlag = 0 : add to discard
        -: 1380:  // toFlag = 1 : add to deck
        -: 1381:  // toFlag = 2 : add to hand
        -: 1382:
    #####: 1383:  if (toFlag == 1)
        -: 1384:    {
    #####: 1385:      state->deck[ player ][ state->deckCount[player] ] = supplyPos;
    #####: 1386:      state->deckCount[player]++;
        -: 1387:    }
    #####: 1388:  else if (toFlag == 2)
        -: 1389:    {
    #####: 1390:      state->hand[ player ][ state->handCount[player] ] = supplyPos;
    #####: 1391:      state->handCount[player]++;
        -: 1392:    }
        -: 1393:  else
        -: 1394:    {
    #####: 1395:      state->discard[player][ state->discardCount[player] ] = supplyPos;
    #####: 1396:      state->discardCount[player]++;
        -: 1397:    }
        -: 1398:	
        -: 1399:  //decrease number in supply pile
    #####: 1400:  state->supplyCount[supplyPos]--;
        -: 1401:	 
    #####: 1402:  return 0;
        -: 1403:}
        -: 1404:
     1804: 1405:int updateCoins(int player, struct gameState *state, int bonus)
        -: 1406:{
        -: 1407:  int i;
        -: 1408:	
        -: 1409:  //reset coin count
     1804: 1410:  state->coins = 0;
        -: 1411:
        -: 1412:  //add coins for each Treasure card in player's hand
    10824: 1413:  for (i = 0; i < state->handCount[player]; i++)
        -: 1414:    {
     9020: 1415:      if (state->hand[player][i] == copper)
        -: 1416:	{
     6989: 1417:	  state->coins += 1;
        -: 1418:	}
     2031: 1419:      else if (state->hand[player][i] == silver)
        -: 1420:	{
    #####: 1421:	  state->coins += 2;
        -: 1422:	}
     2031: 1423:      else if (state->hand[player][i] == gold)
        -: 1424:	{
    #####: 1425:	  state->coins += 3;
        -: 1426:	}	
        -: 1427:    }	
        -: 1428:
        -: 1429:  //add bonus
     1804: 1430:  state->coins += bonus;
        -: 1431:
     1804: 1432:  return 0;
        -: 1433:}
        -: 1434:
        -: 1435:
        -: 1436://end of dominion.c
        -: 1437:
